<?xml version="1.0" encoding="UTF-8"?>
<!-- Generated by org.testng.reporters.JUnitReportReporter -->
<testsuite hostname="RAGHULs-MacBook-Air.local" failures="0" tests="5" name="test.BrowsingAndNavigationTest" time="107.544" errors="0" timestamp="2026-03-06T00:50:18 IST" skipped="0">
  <testcase classname="test.BrowsingAndNavigationTest" name="viewProductDetails" time="15.165"/>
  <testcase classname="test.BrowsingAndNavigationTest" name="logout" time="20.049"/>
  <testcase classname="test.BrowsingAndNavigationTest" name="browsecatagory" time="37.354"/>
  <testcase classname="test.BrowsingAndNavigationTest" name="verifyNavbarNavigation" time="19.060"/>
  <testcase classname="test.BrowsingAndNavigationTest" name="clickhome" time="15.916"/>
</testsuite> <!-- test.BrowsingAndNavigationTest -->
