<?xml version="1.0" encoding="UTF-8"?>
<!-- Generated by org.testng.reporters.JUnitReportReporter -->
<testsuite hostname="RAGHULs-MacBook-Air.local" failures="0" tests="3" name="test.SignupTest" time="53.792" errors="0" timestamp="2026-03-06T00:50:18 IST" skipped="0">
  <testcase classname="test.SignupTest" name="signupValidation" time="18.101"/>
  <testcase classname="test.SignupTest" name="signupValidation" time="17.551"/>
  <testcase classname="test.SignupTest" name="signupValidation" time="18.140"/>
</testsuite> <!-- test.SignupTest -->
