<?xml version="1.0" encoding="UTF-8"?>
<!-- Generated by org.testng.reporters.JUnitReportReporter -->
<testsuite hostname="RAGHULs-MacBook-Air.local" failures="0" tests="3" name="test.OrderFunctionTest" time="87.683" errors="0" timestamp="2026-03-06T00:50:18 IST" skipped="0">
  <testcase classname="test.OrderFunctionTest" name="validorder" time="29.644"/>
  <testcase classname="test.OrderFunctionTest" name="ConformationPopup" time="29.330"/>
  <testcase classname="test.OrderFunctionTest" name="emptydetails" time="28.709"/>
</testsuite> <!-- test.OrderFunctionTest -->
