<?xml version="1.0" encoding="UTF-8"?>
<!-- Generated by org.testng.reporters.JUnitXMLReporter -->
<testsuite ignored="10" hostname="RAGHULs-MacBook-Air.local" failures="5" tests="22" name="Test" time="503.639" errors="0" timestamp="2026-03-06T00:50:18 IST">
  <testcase classname="test.LoginTest" name="loginValidation" time="10.575"/>
  <testcase classname="test.LoginTest" name="loginValidation" time="42.367">
    <failure type="java.lang.IllegalArgumentException" message="Video path must not be null or empty">
      <![CDATA[java.lang.IllegalArgumentException: Video path must not be null or empty
at com.aventstack.extentreports.util.Assert.notEmpty(Assert.java:12)
at com.aventstack.extentreports.ExtentTest.addVideoFromPath(ExtentTest.java:1126)
at utils.MyListeners.onTestFailure(MyListeners.java:42)
at java.base/java.util.ArrayList.forEach(ArrayList.java:1596)
... Removed 24 stack frames]]>
    </failure>
  </testcase> <!-- loginValidation -->
  <testcase classname="test.SignupTest" name="signupValidation" time="8.166"/>
  <testcase classname="test.SignupTest" name="signupValidation" time="7.397"/>
  <testcase classname="test.SignupTest" name="signupValidation" time="6.71"/>
  <testcase classname="test.CartFunctionTest" name="addMultipleProducts" time="16.718">
    <failure type="org.openqa.selenium.TimeoutException" message="Expected condition failed: waiting for visibility of all elements located by By.xpath: //h3[@id=&amp;apos;totalp&amp;apos;], but element #0 was invisible: [[ChromeDriver: chrome on mac (2a58bce85c05b50d6989bc0e17be10dc)] -&amp;gt; xpath: //h3[@id=&amp;apos;totalp&amp;apos;]]
(tried for 5 seconds with 500 milliseconds interval)
Build info: version: &amp;apos;4.41.0&amp;apos;, revision: &amp;apos;9fc754f&amp;apos;
System info: os.name: &amp;apos;Mac OS X&amp;apos;, os.arch: &amp;apos;x86_64&amp;apos;, os.version: &amp;apos;15.7.3&amp;apos;, java.version: &amp;apos;21.0.7&amp;apos;
Driver info: org.openqa.selenium.chrome.ChromeDriver
Capabilities {acceptInsecureCerts: false, browserName: chrome, browserVersion: 145.0.7632.117, chrome: {chromedriverVersion: 145.0.7632.117 (de4e5d6e13b..., userDataDir: /var/folders/0t/29h526h57ms...}, fedcm:accounts: true, goog:chromeOptions: {debuggerAddress: localhost:65320}, goog:processID: 9877, networkConnectionEnabled: false, pageLoadStrategy: normal, platformName: mac, proxy: Proxy(), se:cdp: ws://localhost:65320/devtoo..., se:cdpVersion: 145.0.7632.117, setWindowRect: true, strictFileInteractability: false, timeouts: {implicit: 0, pageLoad: 300000, script: 30000}, unhandledPromptBehavior: dismiss and notify, webauthn:extension:credBlob: true, webauthn:extension:largeBlob: true, webauthn:extension:minPinLength: true, webauthn:extension:prf: true, webauthn:virtualAuthenticators: true}
Session ID: 2a58bce85c05b50d6989bc0e17be10dc">
      <![CDATA[org.openqa.selenium.TimeoutException: Expected condition failed: waiting for visibility of all elements located by By.xpath: //h3[@id='totalp'], but element #0 was invisible: [[ChromeDriver: chrome on mac (2a58bce85c05b50d6989bc0e17be10dc)] -> xpath: //h3[@id='totalp']]
(tried for 5 seconds with 500 milliseconds interval)
Build info: version: '4.41.0', revision: '9fc754f'
System info: os.name: 'Mac OS X', os.arch: 'x86_64', os.version: '15.7.3', java.version: '21.0.7'
Driver info: org.openqa.selenium.chrome.ChromeDriver
Capabilities {acceptInsecureCerts: false, browserName: chrome, browserVersion: 145.0.7632.117, chrome: {chromedriverVersion: 145.0.7632.117 (de4e5d6e13b..., userDataDir: /var/folders/0t/29h526h57ms...}, fedcm:accounts: true, goog:chromeOptions: {debuggerAddress: localhost:65320}, goog:processID: 9877, networkConnectionEnabled: false, pageLoadStrategy: normal, platformName: mac, proxy: Proxy(), se:cdp: ws://localhost:65320/devtoo..., se:cdpVersion: 145.0.7632.117, setWindowRect: true, strictFileInteractability: false, timeouts: {implicit: 0, pageLoad: 300000, script: 30000}, unhandledPromptBehavior: dismiss and notify, webauthn:extension:credBlob: true, webauthn:extension:largeBlob: true, webauthn:extension:minPinLength: true, webauthn:extension:prf: true, webauthn:virtualAuthenticators: true}
Session ID: 2a58bce85c05b50d6989bc0e17be10dc
at org.openqa.selenium.support.ui.WebDriverWait.timeoutException(WebDriverWait.java:85)
at org.openqa.selenium.support.ui.FluentWait.until(FluentWait.java:233)
at test.CartFunctionTest.addMultipleProducts(CartFunctionTest.java:164)
at java.base/java.util.ArrayList.forEach(ArrayList.java:1596)
... Removed 25 stack frames]]>
    </failure>
  </testcase> <!-- addMultipleProducts -->
  <testcase classname="test.CartFunctionTest" name="addProductToCart" time="14.788"/>
  <testcase classname="test.CartFunctionTest" name="viewCartWithProduct" time="19.446"/>
  <testcase classname="test.CartFunctionTest" name="removeProductFromCart" time="22.059"/>
  <testcase classname="test.OrderFunctionTest" name="ConformationPopup" time="20.309"/>
  <testcase classname="test.OrderFunctionTest" name="emptydetails" time="19.676"/>
  <testcase classname="test.OrderFunctionTest" name="validorder" time="19.598"/>
  <testcase classname="test.UiAndUxTest" name="actionbutn" time="5.968"/>
  <testcase classname="test.UiAndUxTest" name="verifyAlertPopup" time="7.233"/>
  <testcase classname="test.UiAndUxTest" name="verifyFontConsistency" time="6.445">
    <failure type="java.lang.AssertionError" message="expected [32px] but found [24px]">
      <![CDATA[java.lang.AssertionError: expected [32px] but found [24px]
at test.UiAndUxTest.verifyFontConsistency(UiAndUxTest.java:113)
at java.base/java.util.ArrayList.forEach(ArrayList.java:1596)
... Removed 31 stack frames]]>
    </failure>
  </testcase> <!-- verifyFontConsistency -->
  <testcase classname="test.UiAndUxTest" name="verifyHorizontalScrolling" time="3.041">
    <failure type="java.lang.AssertionError" message="Horizontal scrolling detected expected [true] but found [false]">
      <![CDATA[java.lang.AssertionError: Horizontal scrolling detected expected [true] but found [false]
at test.UiAndUxTest.verifyHorizontalScrolling(UiAndUxTest.java:159)
at java.base/java.util.ArrayList.forEach(ArrayList.java:1596)
... Removed 28 stack frames]]>
    </failure>
  </testcase> <!-- verifyHorizontalScrolling -->
  <testcase classname="test.UiAndUxTest" name="verifyProductAlignment" time="3.243">
    <failure type="java.lang.AssertionError" message="Products are misaligned expected [true] but found [false]">
      <![CDATA[java.lang.AssertionError: Products are misaligned expected [true] but found [false]
at test.UiAndUxTest.verifyProductAlignment(UiAndUxTest.java:56)
at java.base/java.util.ArrayList.forEach(ArrayList.java:1596)
... Removed 28 stack frames]]>
    </failure>
  </testcase> <!-- verifyProductAlignment -->
  <testcase classname="test.BrowsingAndNavigationTest" name="browsecatagory" time="11.664"/>
  <testcase classname="test.BrowsingAndNavigationTest" name="clickhome" time="6.838"/>
  <testcase classname="test.BrowsingAndNavigationTest" name="logout" time="10.94"/>
  <testcase classname="test.BrowsingAndNavigationTest" name="verifyNavbarNavigation" time="9.992"/>
  <testcase classname="test.BrowsingAndNavigationTest" name="viewProductDetails" time="5.961"/>
  <testcase classname="base.Projectspecificmethods" name="@AfterSuite closereport" time="0.0">
    <ignored/>
  </testcase> <!-- @AfterSuite closereport -->
  <testcase classname="base.Projectspecificmethods" name="@AfterSuite closereport" time="0.0">
    <ignored/>
  </testcase> <!-- @AfterSuite closereport -->
  <testcase classname="base.Projectspecificmethods" name="@BeforeSuite reportintialization" time="0.0">
    <ignored/>
  </testcase> <!-- @BeforeSuite reportintialization -->
  <testcase classname="base.Projectspecificmethods" name="@BeforeSuite reportintialization" time="0.0">
    <ignored/>
  </testcase> <!-- @BeforeSuite reportintialization -->
  <testcase classname="base.Projectspecificmethods" name="@AfterSuite closereport" time="0.0">
    <ignored/>
  </testcase> <!-- @AfterSuite closereport -->
  <testcase classname="base.Projectspecificmethods" name="@BeforeSuite reportintialization" time="0.0">
    <ignored/>
  </testcase> <!-- @BeforeSuite reportintialization -->
  <testcase classname="base.Projectspecificmethods" name="@BeforeSuite reportintialization" time="0.0">
    <ignored/>
  </testcase> <!-- @BeforeSuite reportintialization -->
  <testcase classname="base.Projectspecificmethods" name="@AfterSuite closereport" time="0.0">
    <ignored/>
  </testcase> <!-- @AfterSuite closereport -->
  <testcase classname="base.Projectspecificmethods" name="@AfterSuite closereport" time="0.0">
    <ignored/>
  </testcase> <!-- @AfterSuite closereport -->
  <testcase classname="base.Projectspecificmethods" name="@BeforeSuite reportintialization" time="0.0">
    <ignored/>
  </testcase> <!-- @BeforeSuite reportintialization -->
</testsuite> <!-- Test -->
